work_anroid_component/ws_android_component_08_3_leegideok/app/build/intermediates/manifest_merge_blame_file/debug/manifest-merger-blame-debug-report.txt
1<?xml version="1.0" encoding="utf-8"?>
2<manifest xmlns:android="http://schemas.android.com/apk/res/android"
3    package="com.ssafy.cleanstore"
4    android:versionCode="1"
5    android:versionName="1.0" >
6
7    <uses-sdk
8        android:minSdkVersion="21"
8-->src\main\AndroidManifest.xml
9        android:targetSdkVersion="30" />
9-->src\main\AndroidManifest.xml
10
11    <uses-permission android:name="android.permission.WRITE_CONTACTS" />
11-->src\main\AndroidManifest.xml:4:5-72
11-->src\main\AndroidManifest.xml:4:22-70
12    <uses-permission android:name="android.permission.READ_CONTACTS" />
12-->src\main\AndroidManifest.xml:5:5-71
12-->src\main\AndroidManifest.xml:5:22-69
13    <uses-permission android:name="android.permission.ACCESS_FINE_LOCATION" />
13-->src\main\AndroidManifest.xml:6:5-79
13-->src\main\AndroidManifest.xml:6:22-76
14    <uses-permission android:name="android.permission.ACCESS_COARSE_LOCATION" />
14-->src\main\AndroidManifest.xml:7:5-81
14-->src\main\AndroidManifest.xml:7:22-78
15    <!-- Include required permissions for Google Maps API to run. -->
16    <uses-permission android:name="android.permission.ACCESS_NETWORK_STATE" />
16-->[com.google.android.gms:play-services-maps:18.0.2] AndroidManifest.xml:23:5-79
16-->[com.google.android.gms:play-services-maps:18.0.2] AndroidManifest.xml:23:22-76
17    <uses-permission android:name="android.permission.INTERNET" />
17-->[com.google.android.gms:play-services-maps:18.0.2] AndroidManifest.xml:24:5-67
17-->[com.google.android.gms:play-services-maps:18.0.2] AndroidManifest.xml:24:22-64
18
19    <uses-feature
19-->[com.google.android.gms:play-services-maps:18.0.2] AndroidManifest.xml:26:5-28:35
20        android:glEsVersion="0x00020000"
20-->[com.google.android.gms:play-services-maps:18.0.2] AndroidManifest.xml:27:9-41
21        android:required="true" />
21-->[com.google.android.gms:play-services-maps:18.0.2] AndroidManifest.xml:28:9-32
22
23    <queries>
23-->[com.google.android.gms:play-services-maps:18.0.2] AndroidManifest.xml:30:5-34:15
24
25        <!-- Needs to be explicitly declared on Android R+ -->
26        <package android:name="com.google.android.apps.maps" />
26-->[com.google.android.gms:play-services-maps:18.0.2] AndroidManifest.xml:33:9-64
26-->[com.google.android.gms:play-services-maps:18.0.2] AndroidManifest.xml:33:18-61
27    </queries> <!-- Permission will be merged into the manifest of the hosting app. -->
28    <!-- Is required to launch foreground extraction service for targetSdkVersion 28+. -->
29    <uses-permission android:name="android.permission.FOREGROUND_SERVICE" />
29-->[com.google.android.play:core:1.9.1] AndroidManifest.xml:8:3-74
29-->[com.google.android.play:core:1.9.1] AndroidManifest.xml:8:20-72
30
31    <application
31-->src\main\AndroidManifest.xml:9:5-39:19
32        android:allowBackup="true"
32-->src\main\AndroidManifest.xml:10:9-35
33        android:appComponentFactory="androidx.core.app.CoreComponentFactory"
33-->[androidx.core:core:1.5.0] AndroidManifest.xml:24:18-86
34        android:debuggable="true"
35        android:icon="@mipmap/ic_launcher"
35-->src\main\AndroidManifest.xml:11:9-43
36        android:label="@string/app_name"
36-->src\main\AndroidManifest.xml:12:9-41
37        android:roundIcon="@mipmap/ic_launcher_round"
37-->src\main\AndroidManifest.xml:13:9-54
38        android:supportsRtl="true"
38-->src\main\AndroidManifest.xml:14:9-35
39        android:testOnly="true"
40        android:theme="@style/Theme.Ws_android_component_01_3_jeongsanghoon" >
40-->src\main\AndroidManifest.xml:15:9-77
41        <service
41-->src\main\AndroidManifest.xml:16:9-19:38
42            android:name="com.ssafy.cleanstore.service.BoundService"
42-->src\main\AndroidManifest.xml:17:13-49
43            android:enabled="true"
43-->src\main\AndroidManifest.xml:18:13-35
44            android:exported="true" />
44-->src\main\AndroidManifest.xml:19:13-36
45
46        <activity
46-->src\main\AndroidManifest.xml:21:9-23:40
47            android:name="com.ssafy.cleanstore.stuff.StuffEditActivity"
47-->src\main\AndroidManifest.xml:22:13-52
48            android:exported="false" />
48-->src\main\AndroidManifest.xml:23:13-37
49        <activity
49-->src\main\AndroidManifest.xml:24:9-26:40
50            android:name="com.ssafy.cleanstore.stuff.StuffActivity"
50-->src\main\AndroidManifest.xml:25:13-48
51            android:exported="false" />
51-->src\main\AndroidManifest.xml:26:13-37
52        <activity
52-->src\main\AndroidManifest.xml:27:9-35:20
53            android:name="com.ssafy.cleanstore.MainActivity"
53-->src\main\AndroidManifest.xml:28:13-41
54            android:exported="true" >
54-->src\main\AndroidManifest.xml:29:13-36
55            <intent-filter>
55-->src\main\AndroidManifest.xml:30:13-34:29
56                <action android:name="android.intent.action.MAIN" />
56-->src\main\AndroidManifest.xml:31:17-69
56-->src\main\AndroidManifest.xml:31:25-66
57
58                <category android:name="android.intent.category.LAUNCHER" />
58-->src\main\AndroidManifest.xml:33:17-77
58-->src\main\AndroidManifest.xml:33:27-74
59            </intent-filter>
60        </activity>
61
62        <meta-data
62-->src\main\AndroidManifest.xml:36:9-38:46
63            android:name="com.google.android.geo.API_KEY"
63-->src\main\AndroidManifest.xml:37:13-58
64            android:value="@string/api_key" />
64-->src\main\AndroidManifest.xml:38:13-44
65
66        <activity
66-->[io.github.ParkSangGwon:tedpermission:3.3.0] AndroidManifest.xml:10:9-14:67
67            android:name="com.gun0912.tedpermission.TedPermissionActivity"
67-->[io.github.ParkSangGwon:tedpermission:3.3.0] AndroidManifest.xml:11:13-75
68            android:configChanges="mcc|mnc|locale|keyboard|keyboardHidden|screenLayout|fontScale|uiMode|orientation|screenSize|layoutDirection"
68-->[io.github.ParkSangGwon:tedpermission:3.3.0] AndroidManifest.xml:12:13-144
69            android:screenOrientation="unspecified"
69-->[io.github.ParkSangGwon:tedpermission:3.3.0] AndroidManifest.xml:13:13-52
70            android:theme="@style/Theme.Transparent.Permission" />
70-->[io.github.ParkSangGwon:tedpermission:3.3.0] AndroidManifest.xml:14:13-64
71
72        <provider
72-->[io.github.ParkSangGwon:tedpermission:3.3.0] AndroidManifest.xml:16:9-19:40
73            android:name="com.gun0912.tedpermission.provider.TedPermissionProvider"
73-->[io.github.ParkSangGwon:tedpermission:3.3.0] AndroidManifest.xml:17:13-84
74            android:authorities="com.ssafy.cleanstore.tedpermissionprovider"
74-->[io.github.ParkSangGwon:tedpermission:3.3.0] AndroidManifest.xml:18:13-73
75            android:exported="false" /> <!-- Needs to be explicitly declared on P+ -->
75-->[io.github.ParkSangGwon:tedpermission:3.3.0] AndroidManifest.xml:19:13-37
76        <uses-library
76-->[com.google.android.gms:play-services-maps:18.0.2] AndroidManifest.xml:39:9-41:40
77            android:name="org.apache.http.legacy"
77-->[com.google.android.gms:play-services-maps:18.0.2] AndroidManifest.xml:40:13-50
78            android:required="false" />
78-->[com.google.android.gms:play-services-maps:18.0.2] AndroidManifest.xml:41:13-37
79
80        <activity
80-->[com.google.android.gms:play-services-base:18.0.1] AndroidManifest.xml:20:9-22:45
81            android:name="com.google.android.gms.common.api.GoogleApiActivity"
81-->[com.google.android.gms:play-services-base:18.0.1] AndroidManifest.xml:20:19-85
82            android:exported="false"
82-->[com.google.android.gms:play-services-base:18.0.1] AndroidManifest.xml:22:19-43
83            android:theme="@android:style/Theme.Translucent.NoTitleBar" />
83-->[com.google.android.gms:play-services-base:18.0.1] AndroidManifest.xml:21:19-78
84
85        <meta-data
85-->[com.google.android.gms:play-services-basement:18.0.0] AndroidManifest.xml:21:9-23:69
86            android:name="com.google.android.gms.version"
86-->[com.google.android.gms:play-services-basement:18.0.0] AndroidManifest.xml:22:13-58
87            android:value="@integer/google_play_services_version" /> <!-- The activities will be merged into the manifest of the hosting app. -->
87-->[com.google.android.gms:play-services-basement:18.0.0] AndroidManifest.xml:23:13-66
88        <activity
88-->[com.google.android.play:core:1.9.1] AndroidManifest.xml:12:5-271
89            android:name="com.google.android.play.core.missingsplits.PlayCoreMissingSplitsActivity"
89-->[com.google.android.play:core:1.9.1] AndroidManifest.xml:12:15-102
90            android:enabled="false"
90-->[com.google.android.play:core:1.9.1] AndroidManifest.xml:12:103-126
91            android:exported="false"
91-->[com.google.android.play:core:1.9.1] AndroidManifest.xml:12:127-151
92            android:launchMode="singleInstance"
92-->[com.google.android.play:core:1.9.1] AndroidManifest.xml:12:204-239
93            android:process=":playcore_missing_splits_activity"
93-->[com.google.android.play:core:1.9.1] AndroidManifest.xml:12:152-203
94            android:stateNotNeeded="true" />
94-->[com.google.android.play:core:1.9.1] AndroidManifest.xml:12:240-269
95        <activity
95-->[com.google.android.play:core:1.9.1] AndroidManifest.xml:13:5-226
96            android:name="com.google.android.play.core.common.PlayCoreDialogWrapperActivity"
96-->[com.google.android.play:core:1.9.1] AndroidManifest.xml:13:15-95
97            android:enabled="false"
97-->[com.google.android.play:core:1.9.1] AndroidManifest.xml:13:96-119
98            android:exported="false"
98-->[com.google.android.play:core:1.9.1] AndroidManifest.xml:13:120-144
99            android:stateNotNeeded="true"
99-->[com.google.android.play:core:1.9.1] AndroidManifest.xml:13:145-174
100            android:theme="@style/Theme.PlayCore.Transparent" /> <!-- The services will be merged into the manifest of the hosting app. -->
100-->[com.google.android.play:core:1.9.1] AndroidManifest.xml:13:175-224
101        <service
101-->[com.google.android.play:core:1.9.1] AndroidManifest.xml:16:5-18:15
102            android:name="com.google.android.play.core.assetpacks.AssetPackExtractionService"
102-->[com.google.android.play:core:1.9.1] AndroidManifest.xml:16:14-95
103            android:enabled="false"
103-->[com.google.android.play:core:1.9.1] AndroidManifest.xml:16:96-119
104            android:exported="true" >
104-->[com.google.android.play:core:1.9.1] AndroidManifest.xml:16:120-143
105            <meta-data
105-->[com.google.android.play:core:1.9.1] AndroidManifest.xml:17:7-108
106                android:name="com.google.android.play.core.assetpacks.versionCode"
106-->[com.google.android.play:core:1.9.1] AndroidManifest.xml:17:18-84
107                android:value="10901" />
107-->[com.google.android.play:core:1.9.1] AndroidManifest.xml:17:85-106
108        </service>
109        <service
109-->[com.google.android.play:core:1.9.1] AndroidManifest.xml:19:5-147
110            android:name="com.google.android.play.core.assetpacks.ExtractionForegroundService"
110-->[com.google.android.play:core:1.9.1] AndroidManifest.xml:19:14-96
111            android:enabled="false"
111-->[com.google.android.play:core:1.9.1] AndroidManifest.xml:19:97-120
112            android:exported="false" />
112-->[com.google.android.play:core:1.9.1] AndroidManifest.xml:19:121-145
113    </application>
114
115</manifest>